The system is: Linux - 4.4.0-19041-Microsoft - x86_64
Compiling the C compiler identification source file "CMakeCCompilerId.c" succeeded.
Compiler: /bin/x86_64-linux-gnu-gcc-9 
Build flags: 
Id flags:  

The output was:
0


Compilation of the C compiler identification source "CMakeCCompilerId.c" produced "a.out"

The C compiler identification is GNU, found in "/mnt/c/Users/USER/project/cmake_practice/build/CMakeFiles/3.16.3/CompilerIdC/a.out"

Compiling the CXX compiler identification source file "CMakeCXXCompilerId.cpp" succeeded.
Compiler: /bin/x86_64-linux-gnu-g++-9 
Build flags: 
Id flags:  

The output was:
0


Compilation of the CXX compiler identification source "CMakeCXXCompilerId.cpp" produced "a.out"

The CXX compiler identification is GNU, found in "/mnt/c/Users/USER/project/cmake_practice/build/CMakeFiles/3.16.3/CompilerIdCXX/a.out"

Determining if the C compiler works passed with the following output:
Change Dir: /mnt/c/Users/USER/project/cmake_practice/build/CMakeFiles/CMakeTmp

Run Build Command(s):/usr/bin/make cmTC_28d1a/fast && /usr/bin/make -f CMakeFiles/cmTC_28d1a.dir/build.make CMakeFiles/cmTC_28d1a.dir/build
make[1]: Entering directory '/mnt/c/Users/USER/project/cmake_practice/build/CMakeFiles/CMakeTmp'
Building C object CMakeFiles/cmTC_28d1a.dir/testCCompiler.c.o
/bin/x86_64-linux-gnu-gcc-9    -o CMakeFiles/cmTC_28d1a.dir/testCCompiler.c.o   -c /mnt/c/Users/USER/project/cmake_practice/build/CMakeFiles/CMakeTmp/testCCompiler.c
Linking C executable cmTC_28d1a
/usr/bin/cmake -E cmake_link_script CMakeFiles/cmTC_28d1a.dir/link.txt --verbose=1
/bin/x86_64-linux-gnu-gcc-9      -rdynamic CMakeFiles/cmTC_28d1a.dir/testCCompiler.c.o  -o cmTC_28d1a 
make[1]: Leaving directory '/mnt/c/Users/USER/project/cmake_practice/build/CMakeFiles/CMakeTmp'



Determining if the CXX compiler works passed with the following output:
Change Dir: /mnt/c/Users/USER/project/cmake_practice/build/CMakeFiles/CMakeTmp

Run Build Command(s):/usr/bin/make cmTC_60e0c/fast && /usr/bin/make -f CMakeFiles/cmTC_60e0c.dir/build.make CMakeFiles/cmTC_60e0c.dir/build
make[1]: Entering directory '/mnt/c/Users/USER/project/cmake_practice/build/CMakeFiles/CMakeTmp'
Building CXX object CMakeFiles/cmTC_60e0c.dir/testCXXCompiler.cxx.o
/bin/x86_64-linux-gnu-g++-9     -o CMakeFiles/cmTC_60e0c.dir/testCXXCompiler.cxx.o -c /mnt/c/Users/USER/project/cmake_practice/build/CMakeFiles/CMakeTmp/testCXXCompiler.cxx
Linking CXX executable cmTC_60e0c
/usr/bin/cmake -E cmake_link_script CMakeFiles/cmTC_60e0c.dir/link.txt --verbose=1
/bin/x86_64-linux-gnu-g++-9       -rdynamic CMakeFiles/cmTC_60e0c.dir/testCXXCompiler.cxx.o  -o cmTC_60e0c 
make[1]: Leaving directory '/mnt/c/Users/USER/project/cmake_practice/build/CMakeFiles/CMakeTmp'



